2013-11-23 22:55:53 [INFO] Starting minecraft server version 1.6.4
2013-11-23 22:55:53 [INFO] Loading properties
2013-11-23 22:55:53 [WARNING] server.properties does not exist
2013-11-23 22:55:53 [INFO] Generating new properties file
2013-11-23 22:55:53 [INFO] Default game type: SURVIVAL
2013-11-23 22:55:53 [INFO] Generating keypair
2013-11-23 22:55:53 [INFO] Starting Minecraft server on *:25565
2013-11-23 22:55:53 [INFO] This server is running CraftBukkit version git-Bukkit-1.6.4-R2.0-1-g988f599-b2919jnks (MC: 1.6.4) (Implementing API version 1.6.4-R2.1-SNAPSHOT)
2013-11-23 22:55:53 [INFO] [MarketPlugin] Loading MarketPlugin v1
2013-11-23 22:55:53 [WARNING] Failed to load white-list: java.io.FileNotFoundException: .\white-list.txt (The system cannot find the file specified)
2013-11-23 22:55:53 [INFO] Preparing level "world"
2013-11-23 22:55:53 [INFO] ----- Bukkit Auto Updater -----
2013-11-23 22:55:53 [INFO] It appears that you're running a Development Build, when you've specified in bukkit.yml that you prefer to run Recommended Builds.
2013-11-23 22:55:53 [INFO] If you would like to be kept informed about new Development Build releases, it is recommended that you change 'preferred-channel' in your bukkit.yml to 'dev'.
2013-11-23 22:55:53 [INFO] With that set, you will be told whenever a new version is available for download, so that you can always keep up to date and secure with the latest fixes.
2013-11-23 22:55:53 [INFO] If you would like to disable this warning, simply set 'suggest-channels' to false in bukkit.yml.
2013-11-23 22:55:53 [INFO] ----- ------------------- -----
2013-11-23 22:55:53 [INFO] Preparing start region for level 0 (Seed: 6196761528074321112)
2013-11-23 22:55:55 [INFO] Preparing spawn area: 12%
2013-11-23 22:55:56 [INFO] Preparing spawn area: 21%
2013-11-23 22:55:57 [INFO] Preparing spawn area: 32%
2013-11-23 22:55:58 [INFO] Preparing spawn area: 43%
2013-11-23 22:55:59 [INFO] Preparing spawn area: 52%
2013-11-23 22:56:00 [INFO] Preparing spawn area: 62%
2013-11-23 22:56:01 [INFO] Preparing spawn area: 70%
2013-11-23 22:56:02 [INFO] Preparing spawn area: 79%
2013-11-23 22:56:03 [INFO] Preparing spawn area: 91%
2013-11-23 22:56:04 [INFO] Preparing start region for level 1 (Seed: 6196761528074321112)
2013-11-23 22:56:05 [INFO] Preparing spawn area: 18%
2013-11-23 22:56:06 [INFO] Preparing spawn area: 36%
2013-11-23 22:56:07 [INFO] Preparing spawn area: 48%
2013-11-23 22:56:08 [INFO] Preparing spawn area: 60%
2013-11-23 22:56:09 [INFO] Preparing spawn area: 72%
2013-11-23 22:56:10 [INFO] Preparing spawn area: 81%
2013-11-23 22:56:11 [INFO] Preparing spawn area: 91%
2013-11-23 22:56:12 [INFO] Preparing start region for level 2 (Seed: 6196761528074321112)
2013-11-23 22:56:13 [INFO] Preparing spawn area: 42%
2013-11-23 22:56:14 [INFO] Preparing spawn area: 86%
2013-11-23 22:56:14 [INFO] [MarketPlugin] Enabling MarketPlugin v1
2013-11-23 22:56:14 [INFO] Done (20,873s)! For help, type "help" or "?"
2013-11-23 22:56:29 [INFO] johnrapp [/127.0.0.1:60755] lost connection
2013-11-23 23:01:16 [INFO] CONSOLE: Stopping the server..[m
2013-11-23 23:01:16 [INFO] Stopping server
2013-11-23 23:01:16 [INFO] [MarketPlugin] Disabling MarketPlugin v1
2013-11-23 23:01:16 [INFO] Saving players
2013-11-23 23:01:16 [WARNING] DSCT: socket closed
2013-11-23 23:01:16 [INFO] Saving worlds
2013-11-23 23:01:16 [INFO] Closing listening thread
2013-11-23 23:01:16 [INFO] Saving chunks for level 'world'/Overworld
2013-11-23 23:01:16 [INFO] Saving chunks for level 'world_nether'/Nether
2013-11-23 23:01:16 [INFO] Saving chunks for level 'world_the_end'/The End
2013-11-23 23:01:16 [INFO] Stopping server
